
**** Build of configuration Debug for project L06_morse ****

C:\ti\ccsv5\utils\bin\gmake -k all 
'Building file: ../morse.asm'
'Invoking: MSP430 Compiler'
"C:/ti/ccsv5/tools/compiler/msp430_4.1.0/bin/cl430" -vmsp --abi=coffabi -g --include_path="C:/ti/ccsv5/ccs_base/msp430/include" --include_path="C:/ti/ccsv5/tools/compiler/msp430_4.1.0/include" --advice:power=all --define=__MSP430F2274__ --diag_warning=225 --display_error_number --diag_wrap=off --printf_support=minimal --preproc_with_compile --preproc_dependency="morse.pp"  "../morse.asm"
'Finished building: ../morse.asm'
' '
'Building target: L06_morse.out'
'Invoking: MSP430 Linker'
"C:/ti/ccsv5/tools/compiler/msp430_4.1.0/bin/cl430" -vmsp --abi=coffabi -g --advice:power=all --define=__MSP430F2274__ --diag_warning=225 --display_error_number --diag_wrap=off --printf_support=minimal -z --stack_size=0 -m"L06_morse.map" --heap_size=0 -i"C:/ti/ccsv5/ccs_base/msp430/include" -i"C:/ti/ccsv5/tools/compiler/msp430_4.1.0/lib" -i"C:/ti/ccsv5/tools/compiler/msp430_4.1.0/include" --reread_libs --warn_sections --display_error_number --diag_wrap=off -o "L06_morse.out"  "./morse_codes.obj" "./morse.obj" "../lnk_msp430f2274.cmd" 
<Linking>
"../lnk_msp430f2274.cmd", line 79: warning #10374-D: Interrupt vector "PORT1" does not have an interrupt handler routine.
"../lnk_msp430f2274.cmd", line 80: warning #10374-D: Interrupt vector "PORT2" does not have an interrupt handler routine.
"../lnk_msp430f2274.cmd", line 82: warning #10374-D: Interrupt vector "ADC10" does not have an interrupt handler routine.
"../lnk_msp430f2274.cmd", line 83: warning #10374-D: Interrupt vector "USCIAB0TX" does not have an interrupt handler routine.
"../lnk_msp430f2274.cmd", line 84: warning #10374-D: Interrupt vector "USCIAB0RX" does not have an interrupt handler routine.
"../lnk_msp430f2274.cmd", line 85: warning #10374-D: Interrupt vector "TIMERA1" does not have an interrupt handler routine.
"../lnk_msp430f2274.cmd", line 86: warning #10374-D: Interrupt vector "TIMERA0" does not have an interrupt handler routine.
"../lnk_msp430f2274.cmd", line 89: warning #10374-D: Interrupt vector "TIMERB1" does not have an interrupt handler routine.
'Finished building target: L06_morse.out'
"../lnk_msp430f2274.cmd", line 90: warning #10374-D: Interrupt vector "TIMERB0" does not have an interrupt handler routine.
"../lnk_msp430f2274.cmd", line 91: warning #10374-D: Interrupt vector "NMI" does not have an interrupt handler routine.
warning #10202-D: no suitable entry-point found; setting to 0
' '

**** Build Finished ****

**** Build of configuration Debug for project L06_morse ****

C:\ti\ccsv5\utils\bin\gmake -k all 
gmake: Nothing to be done for `all'.

**** Build Finished ****

**** Build of configuration Debug for project L06_morse ****

C:\ti\ccsv5\utils\bin\gmake -k all 
'Building file: ../morse.asm'
'Invoking: MSP430 Compiler'
"C:/ti/ccsv5/tools/compiler/msp430_4.1.0/bin/cl430" -vmsp --abi=coffabi -g --include_path="C:/ti/ccsv5/ccs_base/msp430/include" --include_path="C:/ti/ccsv5/tools/compiler/msp430_4.1.0/include" --advice:power=all --define=__MSP430F2274__ --diag_warning=225 --display_error_number --diag_wrap=off --printf_support=minimal --preproc_with_compile --preproc_dependency="morse.pp"  "../morse.asm"
'Finished building: ../morse.asm'
' '
'Building target: L06_morse.out'
'Invoking: MSP430 Linker'
"C:/ti/ccsv5/tools/compiler/msp430_4.1.0/bin/cl430" -vmsp --abi=coffabi -g --advice:power=all --define=__MSP430F2274__ --diag_warning=225 --display_error_number --diag_wrap=off --printf_support=minimal -z --stack_size=0 -m"L06_morse.map" --heap_size=0 -i"C:/ti/ccsv5/ccs_base/msp430/include" -i"C:/ti/ccsv5/tools/compiler/msp430_4.1.0/lib" -i"C:/ti/ccsv5/tools/compiler/msp430_4.1.0/include" --reread_libs --warn_sections --display_error_number --diag_wrap=off -o "L06_morse.out"  "./morse_codes.obj" "./morse.obj" "../lnk_msp430f2274.cmd" 
<Linking>
"../lnk_msp430f2274.cmd", line 79: warning #10374-D: Interrupt vector "PORT1" does not have an interrupt handler routine.
"../lnk_msp430f2274.cmd", line 80: warning #10374-D: Interrupt vector "PORT2" does not have an interrupt handler routine.
"../lnk_msp430f2274.cmd", line 82: warning #10374-D: Interrupt vector "ADC10" does not have an interrupt handler routine.
"../lnk_msp430f2274.cmd", line 83: warning #10374-D: Interrupt vector "USCIAB0TX" does not have an interrupt handler routine.
"../lnk_msp430f2274.cmd", line 84: warning #10374-D: Interrupt vector "USCIAB0RX" does not have an interrupt handler routine.
"../lnk_msp430f2274.cmd", line 85: warning #10374-D: Interrupt vector "TIMERA1" does not have an interrupt handler routine.
"../lnk_msp430f2274.cmd", line 86: warning #10374-D: Interrupt vector "TIMERA0" does not have an interrupt handler routine.
"../lnk_msp430f2274.cmd", line 89: warning #10374-D: Interrupt vector "TIMERB1" does not have an interrupt handler routine.
"../lnk_msp430f2274.cmd", line 90: warning #10374-D: Interrupt vector "TIMERB0" does not have an interrupt handler routine.
"../lnk_msp430f2274.cmd", line 91: warning #10374-D: Interrupt vector "NMI" does not have an interrupt handler routine.
warning #10202-D: no suitable entry-point found; setting to 0
'Finished building target: L06_morse.out'
' '

**** Build Finished ****

**** Build of configuration Debug for project L06_morse ****

C:\ti\ccsv5\utils\bin\gmake -k all 
'Building file: ../morse.asm'
'Invoking: MSP430 Compiler'
"C:/ti/ccsv5/tools/compiler/msp430_4.1.0/bin/cl430" -vmsp --abi=coffabi -g --include_path="C:/ti/ccsv5/ccs_base/msp430/include" --include_path="C:/ti/ccsv5/tools/compiler/msp430_4.1.0/include" --advice:power=all --define=__MSP430F2274__ --diag_warning=225 --display_error_number --diag_wrap=off --printf_support=minimal --preproc_with_compile --preproc_dependency="morse.pp"  "../morse.asm"
'Finished building: ../morse.asm'
' '
'Building target: L06_morse.out'
'Invoking: MSP430 Linker'
"C:/ti/ccsv5/tools/compiler/msp430_4.1.0/bin/cl430" -vmsp --abi=coffabi -g --advice:power=all --define=__MSP430F2274__ --diag_warning=225 --display_error_number --diag_wrap=off --printf_support=minimal -z --stack_size=0 -m"L06_morse.map" --heap_size=0 -i"C:/ti/ccsv5/ccs_base/msp430/include" -i"C:/ti/ccsv5/tools/compiler/msp430_4.1.0/lib" -i"C:/ti/ccsv5/tools/compiler/msp430_4.1.0/include" --reread_libs --warn_sections --display_error_number --diag_wrap=off -o "L06_morse.out"  "./morse_codes.obj" "./morse.obj" "../lnk_msp430f2274.cmd" 
<Linking>
"../lnk_msp430f2274.cmd", line 79: warning #10374-D: Interrupt vector "PORT1" does not have an interrupt handler routine.
"../lnk_msp430f2274.cmd", line 80: warning #10374-D: Interrupt vector "PORT2" does not have an interrupt handler routine.
"../lnk_msp430f2274.cmd", line 82: warning #10374-D: Interrupt vector "ADC10" does not have an interrupt handler routine.
"../lnk_msp430f2274.cmd", line 83: warning #10374-D: Interrupt vector "USCIAB0TX" does not have an interrupt handler routine.
"../lnk_msp430f2274.cmd", line 84: warning #10374-D: Interrupt vector "USCIAB0RX" does not have an interrupt handler routine.
"../lnk_msp430f2274.cmd", line 85: warning #10374-D: Interrupt vector "TIMERA1" does not have an interrupt handler routine.
"../lnk_msp430f2274.cmd", line 86: warning #10374-D: Interrupt vector "TIMERA0" does not have an interrupt handler routine.
"../lnk_msp430f2274.cmd", line 89: warning #10374-D: Interrupt vector "TIMERB1" does not have an interrupt handler routine.
"../lnk_msp430f2274.cmd", line 90: warning #10374-D: Interrupt vector "TIMERB0" does not have an interrupt handler routine.
"../lnk_msp430f2274.cmd", line 91: warning #10374-D: Interrupt vector "NMI" does not have an interrupt handler routine.
warning #10202-D: no suitable entry-point found; setting to 0
'Finished building target: L06_morse.out'
' '

**** Build Finished ****

**** Build of configuration Debug for project L06_morse ****

C:\ti\ccsv5\utils\bin\gmake -k all 
'Building file: ../morse.asm'
'Invoking: MSP430 Compiler'
"C:/ti/ccsv5/tools/compiler/msp430_4.1.0/bin/cl430" -vmsp --abi=coffabi -g --include_path="C:/ti/ccsv5/ccs_base/msp430/include" --include_path="C:/ti/ccsv5/tools/compiler/msp430_4.1.0/include" --advice:power=all --define=__MSP430F2274__ --diag_warning=225 --display_error_number --diag_wrap=off --printf_support=minimal --preproc_with_compile --preproc_dependency="morse.pp"  "../morse.asm"
'Finished building: ../morse.asm'
' '
'Building target: L06_morse.out'
'Invoking: MSP430 Linker'
"C:/ti/ccsv5/tools/compiler/msp430_4.1.0/bin/cl430" -vmsp --abi=coffabi -g --advice:power=all --define=__MSP430F2274__ --diag_warning=225 --display_error_number --diag_wrap=off --printf_support=minimal -z --stack_size=0 -m"L06_morse.map" --heap_size=0 -i"C:/ti/ccsv5/ccs_base/msp430/include" -i"C:/ti/ccsv5/tools/compiler/msp430_4.1.0/lib" -i"C:/ti/ccsv5/tools/compiler/msp430_4.1.0/include" --reread_libs --warn_sections --display_error_number --diag_wrap=off -o "L06_morse.out"  "./morse_codes.obj" "./morse.obj" "../lnk_msp430f2274.cmd" 
<Linking>
"../lnk_msp430f2274.cmd", line 79: warning #10374-D: Interrupt vector "PORT1" does not have an interrupt handler routine.
"../lnk_msp430f2274.cmd", line 80: warning #10374-D: Interrupt vector "PORT2" does not have an interrupt handler routine.
"../lnk_msp430f2274.cmd", line 82: warning #10374-D: Interrupt vector "ADC10" does not have an interrupt handler routine.
"../lnk_msp430f2274.cmd", line 83: warning #10374-D: Interrupt vector "USCIAB0TX" does not have an interrupt handler routine.
"../lnk_msp430f2274.cmd", line 84: warning #10374-D: Interrupt vector "USCIAB0RX" does not have an interrupt handler routine.
"../lnk_msp430f2274.cmd", line 85: warning #10374-D: Interrupt vector "TIMERA1" does not have an interrupt handler routine.
"../lnk_msp430f2274.cmd", line 86: warning #10374-D: Interrupt vector "TIMERA0" does not have an interrupt handler routine.
"../lnk_msp430f2274.cmd", line 89: warning #10374-D: Interrupt vector "TIMERB1" does not have an interrupt handler routine.
"../lnk_msp430f2274.cmd", line 90: warning #10374-D: Interrupt vector "TIMERB0" does not have an interrupt handler routine.
"../lnk_msp430f2274.cmd", line 91: warning #10374-D: Interrupt vector "NMI" does not have an interrupt handler routine.
warning #10202-D: no suitable entry-point found; setting to 0
'Finished building target: L06_morse.out'
' '

**** Build Finished ****

**** Build of configuration Debug for project L09_life ****

C:\ti\ccsv5\utils\bin\gmake -k all 
'Building target: L09_life.out'
'Invoking: MSP430 Linker'
"C:/ti/ccsv5/tools/compiler/msp430_4.1.0/bin/cl430" -vmsp --abi=coffabi -g --advice:power=all --define=__MSP430F2274__ --diag_warning=225 --display_error_number --diag_wrap=off --printf_support=minimal -z --stack_size=80 -m"L09_life.map" --heap_size=80 -i"C:/ti/ccsv5/ccs_base/msp430/include" -i"C:/ti/ccsv5/tools/compiler/msp430_4.1.0/lib" -i"C:/ti/ccsv5/tools/compiler/msp430_4.1.0/include" --reread_libs --warn_sections --display_error_number --diag_wrap=off --rom_model -o "L09_life.out"  "./lifelib.obj" "./life.obj" "./RBX430_lcd.obj" "./RBX430-1.obj" -l"libc.a" "../lnk_msp430f2274.cmd" 
<Linking>
"../lnk_msp430f2274.cmd", line 79: warning #10374-D: Interrupt vector "PORT1" does not have an interrupt handler routine.
'Finished building target: L09_life.out'
' '

**** Build Finished ****

**** Build of configuration Debug for project L09_life ****

C:\ti\ccsv5\utils\bin\gmake -k all 
'Building file: ../life.c'
'Invoking: MSP430 Compiler'
"C:/ti/ccsv5/tools/compiler/msp430_4.1.0/bin/cl430" -vmsp --abi=coffabi -g --include_path="C:/ti/ccsv5/ccs_base/msp430/include" --include_path="C:/ti/ccsv5/tools/compiler/msp430_4.1.0/include" --advice:power=all --define=__MSP430F2274__ --diag_warning=225 --display_error_number --diag_wrap=off --printf_support=minimal --preproc_with_compile --preproc_dependency="life.pp"  "../life.c"
"../life.c", line 128: error #20: identifier "row" is undefined
"../life.c", line 131: error #20: identifier "col" is undefined
"../life.c", line 159: remark #1527-D: (ULP 2.1) Detected SW delay loop using empty loop. Recommend using a timer module instead

"../life.c", line 159: remark #1527-D: (ULP 2.1) Detected SW delay loop using empty loop. Recommend using a timer module instead
"../life.c", line 159: remark #1527-D: (ULP 2.1) Detected SW delay loop using empty loop. Recommend using a timer module instead
2 errors detected in the compilation of "../life.c".
>> Compilation failure
gmake: *** [life.obj] Error 1
gmake: Target `all' not remade because of errors.

**** Build Finished ****

**** Build of configuration Debug for project L09_life ****

C:\ti\ccsv5\utils\bin\gmake -k all 
'Building file: ../life.c'
'Invoking: MSP430 Compiler'
"C:/ti/ccsv5/tools/compiler/msp430_4.1.0/bin/cl430" -vmsp --abi=coffabi -g --include_path="C:/ti/ccsv5/ccs_base/msp430/include" --include_path="C:/ti/ccsv5/tools/compiler/msp430_4.1.0/include" --advice:power=all --define=__MSP430F2274__ --diag_warning=225 --display_error_number --diag_wrap=off --printf_support=minimal --preproc_with_compile --preproc_dependency="life.pp"  "../life.c"
"../life.c", line 173: error #612: this kind of pragma may not be used here
"../life.c", line 174: error #68: expected a "}"
"../life.c", line 164: remark #1527-D: (ULP 2.1) Detected SW delay loop using empty loop. Recommend using a timer module instead
"../life.c", line 164: remark #1527-D: (ULP 2.1) Detected SW delay loop using empty loop. Recommend using a timer module instead
"../life.c", line 164: remark #1527-D: (ULP 2.1) Detected SW delay loop using empty loop. Recommend using a timer module instead

"../life.c", line 164: remark #1527-D: (ULP 2.1) Detected SW delay loop using empty loop. Recommend using a timer module instead
2 errors detected in the compilation of "../life.c".
>> Compilation failure
gmake: *** [life.obj] Error 1
gmake: Target `all' not remade because of errors.

**** Build Finished ****

**** Build of configuration Debug for project L09_life ****

C:\ti\ccsv5\utils\bin\gmake -k all 
'Building file: ../life.c'
'Invoking: MSP430 Compiler'
"C:/ti/ccsv5/tools/compiler/msp430_4.1.0/bin/cl430" -vmsp --abi=coffabi -g --include_path="C:/ti/ccsv5/ccs_base/msp430/include" --include_path="C:/ti/ccsv5/tools/compiler/msp430_4.1.0/include" --advice:power=all --define=__MSP430F2274__ --diag_warning=225 --display_error_number --diag_wrap=off --printf_support=minimal --preproc_with_compile --preproc_dependency="life.pp"  "../life.c"
"../life.c", line 141: warning #112-D: statement is unreachable

>> Compilation failure
"../life.c", line 141: error #20: identifier "s" is undefined
"../life.c", line 143: error #66: expected a ";"
"../life.c", line 165: warning #12-D: parsing restarts here after previous syntax error
"../life.c", line 122: warning #179-D: variable "generation" was declared but never referenced
"../life.c", line 122: remark #1535-D: (ULP 8.1) variable "generation" is used as a constant. Recommend declaring variable as either 'static const' or 'const'
"../life.c", line 169: error #171: expected a declaration
"../life.c", line 174: error #609: this pragma must immediately precede a declaration
"../life.c", line 183: warning #12-D: parsing restarts here after previous syntax error
4 errors detected in the compilation of "../life.c".
gmake: *** [life.obj] Error 1
gmake: Target `all' not remade because of errors.

**** Build Finished ****

**** Build of configuration Debug for project L09_life ****

C:\ti\ccsv5\utils\bin\gmake -k all 
'Building file: ../life.c'
'Invoking: MSP430 Compiler'
"C:/ti/ccsv5/tools/compiler/msp430_4.1.0/bin/cl430" -vmsp --abi=coffabi -g --include_path="C:/ti/ccsv5/ccs_base/msp430/include" --include_path="C:/ti/ccsv5/tools/compiler/msp430_4.1.0/include" --advice:power=all --define=__MSP430F2274__ --diag_warning=225 --display_error_number --diag_wrap=off --printf_support=minimal --preproc_with_compile --preproc_dependency="life.pp"  "../life.c"
"../life.c", line 143: warning #129-D: loop is not reachable from preceding code
"../life.c", line 165: remark #1527-D: (ULP 2.1) Detected SW delay loop using empty loop. Recommend using a timer module instead
"../life.c", line 165: remark #1527-D: (ULP 2.1) Detected SW delay loop using empty loop. Recommend using a timer module instead
"../life.c", line 165: remark #1527-D: (ULP 2.1) Detected SW delay loop using empty loop. Recommend using a timer module instead
'Finished building: ../life.c'
' '
'Building target: L09_life.out'
'Invoking: MSP430 Linker'
"C:/ti/ccsv5/tools/compiler/msp430_4.1.0/bin/cl430" -vmsp --abi=coffabi -g --advice:power=all --define=__MSP430F2274__ --diag_warning=225 --display_error_number --diag_wrap=off --printf_support=minimal -z --stack_size=80 -m"L09_life.map" --heap_size=80 -i"C:/ti/ccsv5/ccs_base/msp430/include" -i"C:/ti/ccsv5/tools/compiler/msp430_4.1.0/lib" -i"C:/ti/ccsv5/tools/compiler/msp430_4.1.0/include" --reread_libs --warn_sections --display_error_number --diag_wrap=off --rom_model -o "L09_life.out"  "./lifelib.obj" "./life.obj" "./RBX430_lcd.obj" "./RBX430-1.obj" -l"libc.a" "../lnk_msp430f2274.cmd" 
<Linking>
"../lnk_msp430f2274.cmd", line 79: warning #10374-D: Interrupt vector "PORT1" does not have an interrupt handler routine.
'Finished building target: L09_life.out'
' '

**** Build Finished ****

**** Build of configuration Debug for project L09_life ****

C:\ti\ccsv5\utils\bin\gmake -k all 
'Building file: ../life.c'
'Invoking: MSP430 Compiler'
"C:/ti/ccsv5/tools/compiler/msp430_4.1.0/bin/cl430" -vmsp --abi=coffabi -g --include_path="C:/ti/ccsv5/ccs_base/msp430/include" --include_path="C:/ti/ccsv5/tools/compiler/msp430_4.1.0/include" --advice:power=all --define=__MSP430F2274__ --diag_warning=225 --display_error_number --diag_wrap=off --printf_support=minimal --preproc_with_compile --preproc_dependency="life.pp"  "../life.c"
"../life.c", line 143: warning #129-D: loop is not reachable from preceding code
"../life.c", line 165: remark #1527-D: (ULP 2.1) Detected SW delay loop using empty loop. Recommend using a timer module instead
"../life.c", line 165: remark #1527-D: (ULP 2.1) Detected SW delay loop using empty loop. Recommend using a timer module instead
"../life.c", line 165: remark #1527-D: (ULP 2.1) Detected SW delay loop using empty loop. Recommend using a timer module instead
'Finished building: ../life.c'
' '
'Building target: L09_life.out'
'Invoking: MSP430 Linker'
"C:/ti/ccsv5/tools/compiler/msp430_4.1.0/bin/cl430" -vmsp --abi=coffabi -g --advice:power=all --define=__MSP430F2274__ --diag_warning=225 --display_error_number --diag_wrap=off --printf_support=minimal -z --stack_size=80 -m"L09_life.map" --heap_size=80 -i"C:/ti/ccsv5/ccs_base/msp430/include" -i"C:/ti/ccsv5/tools/compiler/msp430_4.1.0/lib" -i"C:/ti/ccsv5/tools/compiler/msp430_4.1.0/include" --reread_libs --warn_sections --display_error_number --diag_wrap=off --rom_model -o "L09_life.out"  "./lifelib.obj" "./life.obj" "./RBX430_lcd.obj" "./RBX430-1.obj" -l"libc.a" "../lnk_msp430f2274.cmd" 
<Linking>
"../lnk_msp430f2274.cmd", line 79: warning #10374-D: Interrupt vector "PORT1" does not have an interrupt handler routine.
'Finished building target: L09_life.out'
' '

**** Build Finished ****

**** Build of configuration Debug for project L09_life ****

C:\ti\ccsv5\utils\bin\gmake -k all 
'Building file: ../life.c'
'Invoking: MSP430 Compiler'
"C:/ti/ccsv5/tools/compiler/msp430_4.1.0/bin/cl430" -vmsp --abi=coffabi -g --include_path="C:/ti/ccsv5/ccs_base/msp430/include" --include_path="C:/ti/ccsv5/tools/compiler/msp430_4.1.0/include" --advice:power=all --define=__MSP430F2274__ --diag_warning=225 --display_error_number --diag_wrap=off --printf_support=minimal --preproc_with_compile --preproc_dependency="life.pp"  "../life.c"
"../life.c", line 150: remark #1527-D: (ULP 2.1) Detected SW delay loop using empty loop. Recommend using a timer module instead
"../life.c", line 150: remark #1527-D: (ULP 2.1) Detected SW delay loop using empty loop. Recommend using a timer module instead
"../life.c", line 150: remark #1527-D: (ULP 2.1) Detected SW delay loop using empty loop. Recommend using a timer module instead
'Finished building: ../life.c'
' '
'Building target: L09_life.out'
'Invoking: MSP430 Linker'
"C:/ti/ccsv5/tools/compiler/msp430_4.1.0/bin/cl430" -vmsp --abi=coffabi -g --advice:power=all --define=__MSP430F2274__ --diag_warning=225 --display_error_number --diag_wrap=off --printf_support=minimal -z --stack_size=80 -m"L09_life.map" --heap_size=80 -i"C:/ti/ccsv5/ccs_base/msp430/include" -i"C:/ti/ccsv5/tools/compiler/msp430_4.1.0/lib" -i"C:/ti/ccsv5/tools/compiler/msp430_4.1.0/include" --reread_libs --warn_sections --display_error_number --diag_wrap=off --rom_model -o "L09_life.out"  "./lifelib.obj" "./life.obj" "./RBX430_lcd.obj" "./RBX430-1.obj" -l"libc.a" "../lnk_msp430f2274.cmd" 
<Linking>
"../lnk_msp430f2274.cmd", line 79: warning #10374-D: Interrupt vector "PORT1" does not have an interrupt handler routine.
'Finished building target: L09_life.out'
' '

**** Build Finished ****
