
**** Build of configuration Debug for project L04_stoplight ****

C:\ti\ccsv5\utils\bin\gmake -k all 
'Building file: ../stop_light.asm'
'Invoking: MSP430 Compiler'
"C:/ti/ccsv5/tools/compiler/msp430_4.1.0/bin/cl430" -vmsp --abi=coffabi -g --include_path="C:/ti/ccsv5/ccs_base/msp430/include" --include_path="C:/ti/ccsv5/tools/compiler/msp430_4.1.0/include" --advice:power=all --define=__MSP430G2553__ --diag_warning=225 --display_error_number --printf_support=minimal --preproc_with_compile --preproc_dependency="stop_light.pp"  "../stop_light.asm"
'Finished building: ../stop_light.asm'
' '
'Building target: L04_stoplight.out'
'Invoking: MSP430 Linker'
"C:/ti/ccsv5/tools/compiler/msp430_4.1.0/bin/cl430" -vmsp --abi=coffabi -g --advice:power=all --define=__MSP430G2553__ --diag_warning=225 --display_error_number --printf_support=minimal -z --stack_size=0 -m"L04_stoplight.map" --heap_size=0 -i"C:/ti/ccsv5/ccs_base/msp430/include" -i"C:/ti/ccsv5/tools/compiler/msp430_4.1.0/lib" -i"C:/ti/ccsv5/tools/compiler/msp430_4.1.0/include" --reread_libs --warn_sections --display_error_number -o "L04_stoplight.out"  "./stop_light.obj" "../lnk_msp430g2553.cmd" 
<Linking>
"../lnk_msp430g2553.cmd", line 79: warning #10374-D: Interrupt vector "PORT1"
   does not have an interrupt handler routine.
"../lnk_msp430g2553.cmd", line 80: warning #10374-D: Interrupt vector "PORT2"
   does not have an interrupt handler routine.
"../lnk_msp430g2553.cmd", line 82: warning #10374-D: Interrupt vector "ADC10"
   does not have an interrupt handler routine.
"../lnk_msp430g2553.cmd", line 83: warning #10374-D: Interrupt vector
   "USCIAB0TX" does not have an interrupt handler routine.
"../lnk_msp430g2553.cmd", line 84: warning #10374-D: Interrupt vector
   "USCIAB0RX" does not have an interrupt handler routine.
"../lnk_msp430g2553.cmd", line 85: warning #10374-D: Interrupt vector
   "TIMER0_A1" does not have an interrupt handler routine.
"../lnk_msp430g2553.cmd", line 86: warning #10374-D: Interrupt vector
   "TIMER0_A0" does not have an interrupt handler routine.
"../lnk_msp430g2553.cmd", line 87: warning #10374-D: Interrupt vector "WDT"
   does not have an interrupt handler routine.
"../lnk_msp430g2553.cmd", line 88: warning #10374-D: Interrupt vector
   "COMPARATORA" does not have an interrupt handler routine.
"../lnk_msp430g2553.cmd", line 89: warning #10374-D: Interrupt vector
   "TIMER1_A1" does not have an interrupt handler routine.
"../lnk_msp430g2553.cmd", line 90: warning #10374-D: Interrupt vector
   "TIMER1_A0" does not have an interrupt handler routine.
"../lnk_msp430g2553.cmd", line 91: warning #10374-D: Interrupt vector "NMI"
   does not have an interrupt handler routine.
warning #10202-D: no suitable entry-point found; setting to 0
'Finished building target: L04_stoplight.out'
' '

**** Build Finished ****
