22:30:25 **** Build of configuration Debug for project lab-08 ****
make all 
Building file: ../QS.cpp
Invoking: GCC C++ Compiler
g++ -O0 -g3 -Wall -c -fmessage-length=0 -MMD -MP -MF"QS.d" -MT"QS.d" -o "QS.o" "../QS.cpp"
Finished building: ../QS.cpp
 
Building file: ../test.cpp
Invoking: GCC C++ Compiler
g++ -O0 -g3 -Wall -c -fmessage-length=0 -MMD -MP -MF"test.d" -MT"test.d" -o "test.o" "../test.cpp"
Finished building: ../test.cpp
 
Building target: lab-08
Invoking: MacOS X C++ Linker
g++  -o "lab-08"  ./QS.o ./test.o   
Finished building target: lab-08
 
22:30:28 **** Incremental Build of configuration Debug for project lab-08 ****
make all 
make: Nothing to be done for `all'.
22:31:09 **** Incremental Build of configuration Debug for project lab-08 ****
make all 
make: Nothing to be done for `all'.
22:31:20 **** Incremental Build of configuration Debug for project lab-08 ****
make all 
make: Nothing to be done for `all'.
22:31:36 **** Incremental Build of configuration Debug for project lab-08 ****
make all 
make: Nothing to be done for `all'.
22:31:43 **** Incremental Build of configuration Debug for project lab-08 ****
make all 
make: Nothing to be done for `all'.
22:32:17 **** Incremental Build of configuration Debug for project lab-08 ****
make all 
make: Nothing to be done for `all'.
22:33:34 **** Incremental Build of configuration Debug for project lab-08 ****
make all 
make: Nothing to be done for `all'.
22:34:45 **** Incremental Build of configuration Debug for project lab-08 ****
make all 
make: Nothing to be done for `all'.
22:35:16 **** Incremental Build of configuration Debug for project lab-08 ****
make all 
make: Nothing to be done for `all'.
22:43:20 **** Incremental Build of configuration Debug for project lab-08 ****
make all 
make: Nothing to be done for `all'.
22:45:04 **** Incremental Build of configuration Debug for project lab-08 ****
make all 
make: Nothing to be done for `all'.
22:46:17 **** Incremental Build of configuration Debug for project lab-08 ****
make all 
make: Nothing to be done for `all'.
23:52:23 **** Incremental Build of configuration Debug for project lab-08 ****
make all 
Building file: ../QS.cpp
Invoking: GCC C++ Compiler
g++ -O0 -g3 -Wall -c -fmessage-length=0 -MMD -MP -MF"QS.d" -MT"QS.d" -o "QS.o" "../QS.cpp"
Finished building: ../QS.cpp
 
Building file: ../test.cpp
Invoking: GCC C++ Compiler
g++ -O0 -g3 -Wall -c -fmessage-length=0 -MMD -MP -MF"test.d" -MT"test.d" -o "test.o" "../test.cpp"
Finished building: ../test.cpp
 
Building target: lab-08
Invoking: MacOS X C++ Linker
g++  -o "lab-08"  ./QS.o ./test.o   
Finished building target: lab-08
 
23:54:19 **** Incremental Build of configuration Debug for project lab-08 ****
make all 
Building file: ../test.cpp
Invoking: GCC C++ Compiler
g++ -O0 -g3 -Wall -c -fmessage-length=0 -MMD -MP -MF"test.d" -MT"test.d" -o "test.o" "../test.cpp"
Finished building: ../test.cpp
 
Building target: lab-08
Invoking: MacOS X C++ Linker
g++  -o "lab-08"  ./QS.o ./test.o   
Finished building target: lab-08
 
